\BOOKMARK [1][-]{section.1}{\376\377\000I\000n\000t\000r\000o\000d\000u\000c\000t\000i\000o\000n}{}% 1
\BOOKMARK [2][-]{subsection.1.1}{\376\377\000C\000o\000n\000t\000e\000x\000t\000e\000\040\000d\000u\000\040\000p\000r\000o\000j\000e\000t}{section.1}% 2
\BOOKMARK [2][-]{subsection.1.2}{\376\377\000O\000b\000j\000e\000c\000t\000i\000f\000s\000\040\000d\000u\000\040\000p\000r\000o\000j\000e\000t}{section.1}% 3
\BOOKMARK [2][-]{subsection.1.3}{\376\377\000T\000e\000c\000h\000n\000o\000l\000o\000g\000i\000e\000s\000\040\000u\000t\000i\000l\000i\000s\000\351\000e\000s}{section.1}% 4
\BOOKMARK [1][-]{section.2}{\376\377\000C\000o\000n\000c\000e\000p\000t\000i\000o\000n}{}% 5
\BOOKMARK [2][-]{subsection.2.1}{\376\377\000D\000i\000a\000g\000r\000a\000m\000m\000e\000\040\000d\000e\000\040\000c\000l\000a\000s\000s\000e\000s}{section.2}% 6
\BOOKMARK [2][-]{subsection.2.2}{\376\377\000D\000i\000a\000g\000r\000a\000m\000m\000e\000\040\000d\000e\000\040\000c\000a\000s\000\040\000d\000'\000u\000t\000i\000l\000i\000s\000a\000t\000i\000o\000n}{section.2}% 7
\BOOKMARK [3][-]{subsubsection.2.2.1}{\376\377\000A\000c\000t\000e\000u\000r\000s}{subsection.2.2}% 8
\BOOKMARK [3][-]{subsubsection.2.2.2}{\376\377\000C\000a\000s\000\040\000d\000'\000u\000t\000i\000l\000i\000s\000a\000t\000i\000o\000n\000\040\000p\000a\000r\000\040\000a\000c\000t\000e\000u\000r}{subsection.2.2}% 9
\BOOKMARK [2][-]{subsection.2.3}{\376\377\000D\000e\000s\000c\000r\000i\000p\000t\000i\000o\000n\000\040\000d\000e\000s\000\040\000c\000l\000a\000s\000s\000e\000s}{section.2}% 10
\BOOKMARK [3][-]{subsubsection.2.3.1}{\376\377\000C\000l\000a\000s\000s\000e\000\040\000h\000r\000.\000e\000m\000p\000l\000o\000y\000e\000e\000\040\000\050\000O\000d\000o\000o\000\040\000e\000x\000i\000s\000t\000a\000n\000t\000e\000\051}{subsection.2.3}% 11
\BOOKMARK [3][-]{subsubsection.2.3.2}{\376\377\000C\000l\000a\000s\000s\000e\000\040\000g\000e\000s\000t\000i\000o\000n\000.\000d\000e\000p\000l\000a\000c\000e\000m\000e\000n\000t\000.\000d\000e\000m\000a\000n\000d\000e}{subsection.2.3}% 12
\BOOKMARK [3][-]{subsubsection.2.3.3}{\376\377\000C\000l\000a\000s\000s\000e\000\040\000g\000e\000s\000t\000i\000o\000n\000.\000d\000e\000p\000l\000a\000c\000e\000m\000e\000n\000t\000.\000v\000i\000l\000l\000e}{subsection.2.3}% 13
\BOOKMARK [3][-]{subsubsection.2.3.4}{\376\377\000C\000l\000a\000s\000s\000e\000\040\000g\000e\000s\000t\000i\000o\000n\000.\000d\000e\000p\000l\000a\000c\000e\000m\000e\000n\000t\000.\000s\000e\000r\000v\000i\000c\000e\000.\000v\000e\000h\000i\000c\000u\000l\000e}{subsection.2.3}% 14
\BOOKMARK [3][-]{subsubsection.2.3.5}{\376\377\000C\000l\000a\000s\000s\000e\000\040\000g\000e\000s\000t\000i\000o\000n\000.\000d\000e\000p\000l\000a\000c\000e\000m\000e\000n\000t\000.\000d\000e\000m\000a\000n\000d\000e\000.\000r\000e\000f\000u\000s\000.\000w\000i\000z\000a\000r\000d}{subsection.2.3}% 15
\BOOKMARK [3][-]{subsubsection.2.3.6}{\376\377\000\311\000n\000u\000m\000\351\000r\000a\000t\000i\000o\000n\000\040\000m\000o\000d\000e\000\137\000t\000r\000a\000n\000s\000p\000o\000r\000t}{subsection.2.3}% 16
\BOOKMARK [3][-]{subsubsection.2.3.7}{\376\377\000\311\000n\000u\000m\000\351\000r\000a\000t\000i\000o\000n\000\040\000c\000l\000a\000s\000s\000e\000\137\000v\000o\000y\000a\000g\000e}{subsection.2.3}% 17
\BOOKMARK [2][-]{subsection.2.4}{\376\377\000R\000e\000l\000a\000t\000i\000o\000n\000s\000\040\000c\000l\000\351\000s\000\040\000r\000\351\000s\000u\000m\000\351\000e\000s}{section.2}% 18
\BOOKMARK [2][-]{subsection.2.5}{\376\377\000D\000i\000s\000t\000i\000n\000c\000t\000i\000o\000n\000\040\000e\000n\000t\000r\000e\000\040\000c\000l\000a\000s\000s\000e\000s\000\040\000O\000d\000o\000o\000\040\000e\000t\000\040\000p\000e\000r\000s\000o\000n\000n\000a\000l\000i\000s\000\351\000e\000s}{section.2}% 19
\BOOKMARK [2][-]{subsection.2.6}{\376\377\000R\000\350\000g\000l\000e\000s\000\040\000m\000\351\000t\000i\000e\000r\000\040\000a\000u\000t\000o\000m\000a\000t\000i\000s\000\351\000e\000s}{section.2}% 20
\BOOKMARK [3][-]{subsubsection.2.6.1}{\376\377\000C\000a\000l\000c\000u\000l\000\040\000d\000u\000\040\000n\000o\000m\000b\000r\000e\000\040\000d\000e\000\040\000j\000o\000u\000r\000s}{subsection.2.6}% 21
\BOOKMARK [3][-]{subsubsection.2.6.2}{\376\377\000D\000\351\000t\000e\000r\000m\000i\000n\000a\000t\000i\000o\000n\000\040\000d\000u\000\040\000c\000a\000r\000a\000c\000t\000\350\000r\000e\000\040\000i\000n\000t\000e\000r\000n\000a\000t\000i\000o\000n\000a\000l}{subsection.2.6}% 22
\BOOKMARK [3][-]{subsubsection.2.6.3}{\376\377\000C\000a\000l\000c\000u\000l\000\040\000d\000e\000s\000\040\000f\000r\000a\000i\000s\000\040\000d\000e\000\040\000m\000i\000s\000s\000i\000o\000n}{subsection.2.6}% 23
\BOOKMARK [3][-]{subsubsection.2.6.4}{\376\377\000C\000a\000l\000c\000u\000l\000\040\000d\000e\000\040\000l\000a\000\040\000c\000l\000a\000s\000s\000e\000\040\000d\000e\000\040\000v\000o\000y\000a\000g\000e}{subsection.2.6}% 24
\BOOKMARK [2][-]{subsection.2.7}{\376\377\000C\000o\000n\000t\000r\000a\000i\000n\000t\000e\000s\000\040\000d\000e\000\040\000v\000a\000l\000i\000d\000a\000t\000i\000o\000n}{section.2}% 25
\BOOKMARK [1][-]{section.3}{\376\377\000S\000\351\000c\000u\000r\000i\000t\000\351\000\040\000e\000t\000\040\000D\000r\000o\000i\000t\000s\000\040\000d\000'\000A\000c\000c\000\350\000s}{}% 26
\BOOKMARK [2][-]{subsection.3.1}{\376\377\000G\000r\000o\000u\000p\000e\000s\000\040\000d\000e\000\040\000s\000\351\000c\000u\000r\000i\000t\000\351}{section.3}% 27
\BOOKMARK [3][-]{subsubsection.3.1.1}{\376\377\000G\000r\000o\000u\000p\000e\000\040\0001\000\040\000:\000\040\000E\000m\000p\000l\000o\000y\000\351\000\040\000\050\000g\000r\000o\000u\000p\000\137\000d\000e\000p\000l\000a\000c\000e\000m\000e\000n\000t\000\137\000e\000m\000p\000l\000o\000y\000e\000e\000\051}{subsection.3.1}% 28
\BOOKMARK [3][-]{subsubsection.3.1.2}{\376\377\000G\000r\000o\000u\000p\000e\000\040\0002\000\040\000:\000\040\000M\000a\000n\000a\000g\000e\000r\000\040\000\050\000g\000r\000o\000u\000p\000\137\000d\000e\000p\000l\000a\000c\000e\000m\000e\000n\000t\000\137\000m\000a\000n\000a\000g\000e\000r\000\051}{subsection.3.1}% 29
\BOOKMARK [3][-]{subsubsection.3.1.3}{\376\377\000G\000r\000o\000u\000p\000e\000\040\0003\000\040\000:\000\040\000D\000A\000F\000\040\000\050\000g\000r\000o\000u\000p\000\137\000d\000e\000p\000l\000a\000c\000e\000m\000e\000n\000t\000\137\000d\000a\000f\000\051}{subsection.3.1}% 30
\BOOKMARK [2][-]{subsection.3.2}{\376\377\000R\000e\000c\000o\000r\000d\000\040\000R\000u\000l\000e\000s}{section.3}% 31
\BOOKMARK [1][-]{section.4}{\376\377\000W\000o\000r\000k\000f\000l\000o\000w\000\040\000e\000t\000\040\000N\000o\000t\000i\000f\000i\000c\000a\000t\000i\000o\000n\000s}{}% 32
\BOOKMARK [2][-]{subsection.4.1}{\376\377\000D\000i\000a\000g\000r\000a\000m\000m\000e\000\040\000d\000e\000\040\000f\000l\000u\000x\000\040\000d\000u\000\040\000w\000o\000r\000k\000f\000l\000o\000w}{section.4}% 33
\BOOKMARK [2][-]{subsection.4.2}{\376\377\000A\000c\000t\000i\000o\000n\000s\000\040\000e\000t\000\040\000t\000r\000a\000n\000s\000i\000t\000i\000o\000n\000s}{section.4}% 34
\BOOKMARK [2][-]{subsection.4.3}{\376\377\000S\000y\000s\000t\000\350\000m\000e\000\040\000d\000e\000\040\000n\000o\000t\000i\000f\000i\000c\000a\000t\000i\000o\000n\000s}{section.4}% 35
\BOOKMARK [3][-]{subsubsection.4.3.1}{\376\377\000A\000c\000t\000i\000v\000i\000t\000\351\000s\000\040\000\050\000h\000o\000r\000l\000o\000g\000e\000\051}{subsection.4.3}% 36
\BOOKMARK [3][-]{subsubsection.4.3.2}{\376\377\000C\000h\000a\000t\000t\000e\000r\000\040\000\050\000M\000e\000s\000s\000a\000g\000e\000s\000\051}{subsection.4.3}% 37
\BOOKMARK [3][-]{subsubsection.4.3.3}{\376\377\000E\000m\000a\000i\000l\000s}{subsection.4.3}% 38
\BOOKMARK [2][-]{subsection.4.4}{\376\377\000S\000y\000s\000t\000\350\000m\000e\000\040\000d\000e\000\040\000f\000o\000l\000l\000o\000w\000e\000r\000s}{section.4}% 39
\BOOKMARK [1][-]{section.5}{\376\377\000R\000\351\000a\000l\000i\000s\000a\000t\000i\000o\000n}{}% 40
\BOOKMARK [2][-]{subsection.5.1}{\376\377\000S\000t\000r\000u\000c\000t\000u\000r\000e\000\040\000d\000u\000\040\000m\000o\000d\000u\000l\000e}{section.5}% 41
\BOOKMARK [2][-]{subsection.5.2}{\376\377\000I\000n\000t\000e\000r\000f\000a\000c\000e\000\040\000u\000t\000i\000l\000i\000s\000a\000t\000e\000u\000r\000\040\000:\000\040\000\311\000t\000a\000t\000\040\000B\000r\000o\000u\000i\000l\000l\000o\000n}{section.5}% 42
\BOOKMARK [2][-]{subsection.5.3}{\376\377\000\311\000t\000a\000t\000\040\000S\000o\000u\000m\000i\000s}{section.5}% 43
\BOOKMARK [2][-]{subsection.5.4}{\376\377\000V\000a\000l\000i\000d\000a\000t\000i\000o\000n\000\040\000p\000a\000r\000\040\000l\000e\000\040\000M\000a\000n\000a\000g\000e\000r}{section.5}% 44
\BOOKMARK [2][-]{subsection.5.5}{\376\377\000W\000i\000z\000a\000r\000d\000\040\000d\000e\000\040\000r\000e\000f\000u\000s}{section.5}% 45
\BOOKMARK [2][-]{subsection.5.6}{\376\377\000\311\000t\000a\000t\000\040\000A\000p\000p\000r\000o\000u\000v\000\351}{section.5}% 46
\BOOKMARK [2][-]{subsection.5.7}{\376\377\000P\000r\000i\000s\000e\000\040\000e\000n\000\040\000c\000h\000a\000r\000g\000e\000\040\000p\000a\000r\000\040\000l\000a\000\040\000D\000A\000F}{section.5}% 47
\BOOKMARK [2][-]{subsection.5.8}{\376\377\000\311\000t\000a\000t\000\040\000T\000e\000r\000m\000i\000n\000\351}{section.5}% 48
\BOOKMARK [2][-]{subsection.5.9}{\376\377\000S\000u\000i\000v\000i\000\040\000d\000u\000\040\000w\000o\000r\000k\000f\000l\000o\000w\000\040\000\050\000C\000h\000a\000t\000t\000e\000r\000\051}{section.5}% 49
\BOOKMARK [2][-]{subsection.5.10}{\376\377\000V\000u\000e\000s\000\040\000a\000d\000d\000i\000t\000i\000o\000n\000n\000e\000l\000l\000e\000s}{section.5}% 50
\BOOKMARK [3][-]{subsubsection.5.10.1}{\376\377\000V\000u\000e\000\040\000L\000i\000s\000t\000e}{subsection.5.10}% 51
\BOOKMARK [3][-]{subsubsection.5.10.2}{\376\377\000V\000u\000e\000\040\000K\000a\000n\000b\000a\000n}{subsection.5.10}% 52
\BOOKMARK [3][-]{subsubsection.5.10.3}{\376\377\000V\000u\000e\000\040\000C\000a\000l\000e\000n\000d\000r\000i\000e\000r}{subsection.5.10}% 53
\BOOKMARK [3][-]{subsubsection.5.10.4}{\376\377\000V\000u\000e\000\040\000P\000i\000v\000o\000t}{subsection.5.10}% 54
\BOOKMARK [3][-]{subsubsection.5.10.5}{\376\377\000V\000u\000e\000\040\000G\000r\000a\000p\000h}{subsection.5.10}% 55
\BOOKMARK [1][-]{section.6}{\376\377\000D\000o\000n\000n\000\351\000e\000s\000\040\000d\000e\000\040\000d\000\351\000m\000o\000n\000s\000t\000r\000a\000t\000i\000o\000n}{}% 56
\BOOKMARK [2][-]{subsection.6.1}{\376\377\000V\000i\000l\000l\000e\000s\000\040\000p\000r\000\351\000c\000h\000a\000r\000g\000\351\000e\000s}{section.6}% 57
\BOOKMARK [2][-]{subsection.6.2}{\376\377\000V\000\351\000h\000i\000c\000u\000l\000e\000s\000\040\000d\000e\000\040\000s\000e\000r\000v\000i\000c\000e}{section.6}% 58
\BOOKMARK [1][-]{section.7}{\376\377\000D\000\351\000p\000l\000o\000i\000e\000m\000e\000n\000t\000\040\000a\000v\000e\000c\000\040\000D\000o\000c\000k\000e\000r}{}% 59
\BOOKMARK [2][-]{subsection.7.1}{\376\377\000C\000o\000n\000f\000i\000g\000u\000r\000a\000t\000i\000o\000n\000\040\000D\000o\000c\000k\000e\000r\000\040\000C\000o\000m\000p\000o\000s\000e}{section.7}% 60
\BOOKMARK [2][-]{subsection.7.2}{\376\377\000I\000n\000s\000t\000a\000l\000l\000a\000t\000i\000o\000n\000\040\000e\000t\000\040\000d\000\351\000m\000a\000r\000r\000a\000g\000e}{section.7}% 61
\BOOKMARK [1][-]{section.8}{\376\377\000T\000e\000s\000t\000s\000\040\000e\000t\000\040\000V\000a\000l\000i\000d\000a\000t\000i\000o\000n}{}% 62
\BOOKMARK [2][-]{subsection.8.1}{\376\377\000S\000c\000\351\000n\000a\000r\000i\000o\000s\000\040\000d\000e\000\040\000t\000e\000s\000t}{section.8}% 63
\BOOKMARK [3][-]{subsubsection.8.1.1}{\376\377\000T\000e\000s\000t\000\040\0001\000\040\000:\000\040\000C\000r\000\351\000a\000t\000i\000o\000n\000\040\000e\000t\000\040\000s\000o\000u\000m\000i\000s\000s\000i\000o\000n\000\040\000\050\000E\000m\000p\000l\000o\000y\000\351\000\051}{subsection.8.1}% 64
\BOOKMARK [3][-]{subsubsection.8.1.2}{\376\377\000T\000e\000s\000t\000\040\0002\000\040\000:\000\040\000V\000a\000l\000i\000d\000a\000t\000i\000o\000n\000\040\000\050\000M\000a\000n\000a\000g\000e\000r\000\051}{subsection.8.1}% 65
\BOOKMARK [3][-]{subsubsection.8.1.3}{\376\377\000T\000e\000s\000t\000\040\0003\000\040\000:\000\040\000T\000r\000a\000i\000t\000e\000m\000e\000n\000t\000\040\000\050\000D\000A\000F\000\051}{subsection.8.1}% 66
\BOOKMARK [3][-]{subsubsection.8.1.4}{\376\377\000T\000e\000s\000t\000\040\0004\000\040\000:\000\040\000C\000o\000n\000t\000r\000a\000i\000n\000t\000e\000s\000\040\000d\000e\000\040\000v\000a\000l\000i\000d\000a\000t\000i\000o\000n}{subsection.8.1}% 67
\BOOKMARK [2][-]{subsection.8.2}{\376\377\000R\000\351\000s\000u\000l\000t\000a\000t\000s\000\040\000d\000e\000s\000\040\000t\000e\000s\000t\000s}{section.8}% 68
\BOOKMARK [1][-]{section.9}{\376\377\000P\000o\000i\000n\000t\000s\000\040\000f\000o\000r\000t\000s\000\040\000e\000t\000\040\000l\000i\000m\000i\000t\000a\000t\000i\000o\000n\000s}{}% 69
\BOOKMARK [2][-]{subsection.9.1}{\376\377\000P\000o\000i\000n\000t\000s\000\040\000f\000o\000r\000t\000s}{section.9}% 70
\BOOKMARK [2][-]{subsection.9.2}{\376\377\000L\000i\000m\000i\000t\000a\000t\000i\000o\000n\000s\000\040\000e\000t\000\040\000a\000m\000\351\000l\000i\000o\000r\000a\000t\000i\000o\000n\000s\000\040\000p\000o\000s\000s\000i\000b\000l\000e\000s}{section.9}% 71
\BOOKMARK [2][-]{subsection.9.3}{\376\377\000\311\000v\000o\000l\000u\000t\000i\000o\000n\000s\000\040\000f\000u\000t\000u\000r\000e\000s\000\040\000e\000n\000v\000i\000s\000a\000g\000e\000a\000b\000l\000e\000s}{section.9}% 72
\BOOKMARK [1][-]{section.10}{\376\377\000C\000o\000n\000c\000l\000u\000s\000i\000o\000n}{}% 73
\BOOKMARK [2][-]{subsection.10.1}{\376\377\000B\000i\000l\000a\000n\000\040\000d\000u\000\040\000p\000r\000o\000j\000e\000t}{section.10}% 74
\BOOKMARK [2][-]{subsection.10.2}{\376\377\000C\000o\000m\000p\000\351\000t\000e\000n\000c\000e\000s\000\040\000a\000c\000q\000u\000i\000s\000e\000s}{section.10}% 75
\BOOKMARK [2][-]{subsection.10.3}{\376\377\000P\000e\000r\000s\000p\000e\000c\000t\000i\000v\000e\000s}{section.10}% 76
